0 verbose cli /Users/lucien/.nvm/versions/node/v22.8.0/bin/node /Users/lucien/.nvm/versions/node/v22.8.0/bin/npm
1 info using npm@10.8.2
2 info using node@v22.8.0
3 silly config load:file:/Users/lucien/.nvm/versions/node/v22.8.0/lib/node_modules/npm/npmrc
4 silly config load:file:/Users/lucien/bank-of-columbia/.npmrc
5 warn config optional Use `--omit=optional` to exclude optional dependencies, or
5 warn config `--include=optional` to include them.
5 warn config
5 warn config       Default value does install optional deps unless otherwise omitted.
6 silly config load:file:/Users/lucien/.npmrc
7 silly config load:file:/Users/lucien/.nvm/versions/node/v22.8.0/etc/npmrc
8 verbose title npm run lint
9 verbose argv "run" "lint"
10 verbose logfile logs-max:10 dir:/Users/lucien/bank-of-columbia/.npm/_logs/2025-08-04T08_58_22_315Z-
11 verbose logfile /Users/lucien/bank-of-columbia/.npm/_logs/2025-08-04T08_58_22_315Z-debug-0.log
12 silly logfile done cleaning log files
13 verbose cwd /Users/lucien/bank-of-columbia
14 verbose os Darwin 23.4.0
15 verbose node v22.8.0
16 verbose npm  v10.8.2
17 verbose exit 1
18 verbose code 1
