0 verbose cli /Users/lucien/.nvm/versions/node/v22.8.0/bin/node /Users/lucien/.nvm/versions/node/v22.8.0/bin/npm
1 info using npm@10.8.2
2 info using node@v22.8.0
3 silly config load:file:/Users/lucien/.nvm/versions/node/v22.8.0/lib/node_modules/npm/npmrc
4 silly config load:file:/Users/lucien/bank-of-columbia/.npmrc
5 warn config optional Use `--omit=optional` to exclude optional dependencies, or
5 warn config `--include=optional` to include them.
5 warn config
5 warn config       Default value does install optional deps unless otherwise omitted.
6 silly config load:file:/Users/lucien/.npmrc
7 silly config load:file:/Users/lucien/.nvm/versions/node/v22.8.0/etc/npmrc
8 verbose title npm run type-check
9 verbose argv "run" "type-check"
10 verbose logfile logs-max:10 dir:/Users/lucien/bank-of-columbia/.npm/_logs/2025-08-04T08_57_57_662Z-
11 verbose logfile /Users/lucien/bank-of-columbia/.npm/_logs/2025-08-04T08_57_57_662Z-debug-0.log
12 silly logfile done cleaning log files
13 http fetch GET 200 https://registry.npmjs.org/npm 235ms
14 verbose cwd /Users/lucien/bank-of-columbia
15 verbose os Darwin 23.4.0
16 verbose node v22.8.0
17 verbose npm  v10.8.2
18 notice
18 notice New [31mmajor[39m version of npm available! [31m10.8.2[39m -> [34m11.5.2[39m
18 notice Changelog: [34mhttps://github.com/npm/cli/releases/tag/v11.5.2[39m
18 notice To update run: [4mnpm install -g npm@11.5.2[24m
18 notice  { force: true, [Symbol(proc-log.meta)]: true }
19 verbose exit 2
20 verbose code 2
